<?xml version="1.0" encoding="UTF-8"?>
<testng-results skipped="1" failed="0" ignored="0" total="22" passed="21">
  <reporter-output>
  </reporter-output>
  <suite name="Smoke" duration-ms="809320" started-at="2018-03-19T16:43:00Z" finished-at="2018-03-19T16:56:29Z">
    <groups>
    </groups>
    <test name="OpenHomepageTest" duration-ms="20129" started-at="2018-03-19T16:43:00Z" finished-at="2018-03-19T16:43:20Z">
      <class name="OpenHomepageTest">
        <test-method status="PASS" signature="methodSetUp()[pri:0, instance:OpenHomepageTest@4c203ea1]" name="methodSetUp" is-config="true" duration-ms="10747" started-at="2018-03-19T18:43:00Z" finished-at="2018-03-19T18:43:10Z">
          <reporter-output>
          </reporter-output>
        </test-method> <!-- methodSetUp -->
        <test-method status="PASS" signature="setEnv()[pri:0, instance:OpenHomepageTest@4c203ea1]" name="setEnv" is-config="true" duration-ms="0" started-at="2018-03-19T18:43:10Z" finished-at="2018-03-19T18:43:10Z">
          <reporter-output>
          </reporter-output>
        </test-method> <!-- setEnv -->
        <test-method status="PASS" signature="openHomepage()[pri:0, instance:OpenHomepageTest@4c203ea1]" name="openHomepage" duration-ms="7552" started-at="2018-03-19T18:43:10Z" finished-at="2018-03-19T18:43:18Z">
          <reporter-output>
          </reporter-output>
        </test-method> <!-- openHomepage -->
        <test-method status="PASS" signature="methodTearDown()[pri:0, instance:OpenHomepageTest@4c203ea1]" name="methodTearDown" is-config="true" duration-ms="1810" started-at="2018-03-19T18:43:18Z" finished-at="2018-03-19T18:43:20Z">
          <reporter-output>
          </reporter-output>
        </test-method> <!-- methodTearDown -->
      </class> <!-- OpenHomepageTest -->
    </test> <!-- OpenHomepageTest -->
    <test name="LoginTest&gt;" duration-ms="33844" started-at="2018-03-19T16:43:20Z" finished-at="2018-03-19T16:43:54Z">
      <class name="LoginTest">
        <test-method status="PASS" signature="methodSetUp()[pri:0, instance:LoginTest@7e0ea639]" name="methodSetUp" is-config="true" duration-ms="7169" started-at="2018-03-19T18:43:20Z" finished-at="2018-03-19T18:43:27Z">
          <reporter-output>
          </reporter-output>
        </test-method> <!-- methodSetUp -->
        <test-method status="PASS" signature="setEnv()[pri:0, instance:LoginTest@7e0ea639]" name="setEnv" is-config="true" duration-ms="0" started-at="2018-03-19T18:43:27Z" finished-at="2018-03-19T18:43:27Z">
          <reporter-output>
          </reporter-output>
        </test-method> <!-- setEnv -->
        <test-method status="PASS" signature="negativeLoginTest()[pri:1, instance:LoginTest@7e0ea639]" name="negativeLoginTest" duration-ms="10033" started-at="2018-03-19T18:43:27Z" finished-at="2018-03-19T18:43:37Z">
          <reporter-output>
          </reporter-output>
        </test-method> <!-- negativeLoginTest -->
        <test-method status="PASS" signature="positiveLoginTest()[pri:2, instance:LoginTest@7e0ea639]" name="positiveLoginTest" duration-ms="14900" started-at="2018-03-19T18:43:37Z" finished-at="2018-03-19T18:43:52Z">
          <reporter-output>
          </reporter-output>
        </test-method> <!-- positiveLoginTest -->
        <test-method status="PASS" signature="methodTearDown()[pri:0, instance:LoginTest@7e0ea639]" name="methodTearDown" is-config="true" duration-ms="1738" started-at="2018-03-19T18:43:52Z" finished-at="2018-03-19T18:43:54Z">
          <reporter-output>
          </reporter-output>
        </test-method> <!-- methodTearDown -->
      </class> <!-- LoginTest -->
    </test> <!-- LoginTest> -->
    <test name="AddExercisteTest" duration-ms="59881" started-at="2018-03-19T16:43:54Z" finished-at="2018-03-19T16:44:54Z">
      <class name="AddExerciseTest">
        <test-method status="PASS" signature="methodSetUp()[pri:0, instance:AddExerciseTest@2d6e8792]" name="methodSetUp" is-config="true" duration-ms="8844" started-at="2018-03-19T18:43:54Z" finished-at="2018-03-19T18:44:03Z">
          <reporter-output>
          </reporter-output>
        </test-method> <!-- methodSetUp -->
        <test-method status="PASS" signature="setEnv()[pri:0, instance:AddExerciseTest@2d6e8792]" name="setEnv" is-config="true" duration-ms="0" started-at="2018-03-19T18:44:03Z" finished-at="2018-03-19T18:44:03Z">
          <reporter-output>
          </reporter-output>
        </test-method> <!-- setEnv -->
        <test-method status="PASS" signature="negativeLoginTest()[pri:1, instance:AddExerciseTest@2d6e8792]" name="negativeLoginTest" duration-ms="12279" started-at="2018-03-19T18:44:03Z" finished-at="2018-03-19T18:44:15Z">
          <reporter-output>
          </reporter-output>
        </test-method> <!-- negativeLoginTest -->
        <test-method status="PASS" signature="positiveLoginTest()[pri:2, instance:AddExerciseTest@2d6e8792]" name="positiveLoginTest" duration-ms="14689" started-at="2018-03-19T18:44:15Z" finished-at="2018-03-19T18:44:29Z">
          <reporter-output>
          </reporter-output>
        </test-method> <!-- positiveLoginTest -->
        <test-method status="PASS" signature="AddExerciseTest()[pri:3, instance:AddExerciseTest@2d6e8792]" name="AddExerciseTest" duration-ms="22617" started-at="2018-03-19T18:44:29Z" finished-at="2018-03-19T18:44:52Z">
          <reporter-output>
          </reporter-output>
        </test-method> <!-- AddExerciseTest -->
        <test-method status="PASS" signature="methodTearDown()[pri:0, instance:AddExerciseTest@2d6e8792]" name="methodTearDown" is-config="true" duration-ms="1450" started-at="2018-03-19T18:44:52Z" finished-at="2018-03-19T18:44:54Z">
          <reporter-output>
          </reporter-output>
        </test-method> <!-- methodTearDown -->
      </class> <!-- AddExerciseTest -->
    </test> <!-- AddExercisteTest -->
    <test name="AddMealToday" duration-ms="49750" started-at="2018-03-19T16:44:54Z" finished-at="2018-03-19T16:45:43Z">
      <class name="AddMealTodayTest">
        <test-method status="PASS" signature="methodSetUp()[pri:0, instance:AddMealTodayTest@4411d970]" name="methodSetUp" is-config="true" duration-ms="7683" started-at="2018-03-19T18:44:54Z" finished-at="2018-03-19T18:45:01Z">
          <reporter-output>
          </reporter-output>
        </test-method> <!-- methodSetUp -->
        <test-method status="PASS" signature="setEnv()[pri:0, instance:AddMealTodayTest@4411d970]" name="setEnv" is-config="true" duration-ms="0" started-at="2018-03-19T18:45:01Z" finished-at="2018-03-19T18:45:01Z">
          <reporter-output>
          </reporter-output>
        </test-method> <!-- setEnv -->
        <test-method status="PASS" signature="negativeLoginTest()[pri:1, instance:AddMealTodayTest@4411d970]" name="negativeLoginTest" duration-ms="10133" started-at="2018-03-19T18:45:01Z" finished-at="2018-03-19T18:45:11Z">
          <reporter-output>
          </reporter-output>
        </test-method> <!-- negativeLoginTest -->
        <test-method status="PASS" signature="positiveLoginTest()[pri:2, instance:AddMealTodayTest@4411d970]" name="positiveLoginTest" duration-ms="14643" started-at="2018-03-19T18:45:11Z" finished-at="2018-03-19T18:45:26Z">
          <reporter-output>
          </reporter-output>
        </test-method> <!-- positiveLoginTest -->
        <test-method status="PASS" signature="AddMealTest()[pri:3, instance:AddMealTodayTest@4411d970]" name="AddMealTest" duration-ms="14900" started-at="2018-03-19T18:45:26Z" finished-at="2018-03-19T18:45:41Z">
          <reporter-output>
          </reporter-output>
        </test-method> <!-- AddMealTest -->
        <test-method status="PASS" signature="methodTearDown()[pri:0, instance:AddMealTodayTest@4411d970]" name="methodTearDown" is-config="true" duration-ms="2388" started-at="2018-03-19T18:45:41Z" finished-at="2018-03-19T18:45:43Z">
          <reporter-output>
          </reporter-output>
        </test-method> <!-- methodTearDown -->
      </class> <!-- AddMealTodayTest -->
    </test> <!-- AddMealToday -->
    <test name="AddWaterToday" duration-ms="48423" started-at="2018-03-19T16:45:43Z" finished-at="2018-03-19T16:46:32Z">
      <class name="AddWaterTodayTest">
        <test-method status="PASS" signature="methodSetUp()[pri:0, instance:AddWaterTodayTest@566776ad]" name="methodSetUp" is-config="true" duration-ms="8672" started-at="2018-03-19T18:45:43Z" finished-at="2018-03-19T18:45:52Z">
          <reporter-output>
          </reporter-output>
        </test-method> <!-- methodSetUp -->
        <test-method status="PASS" signature="setEnv()[pri:0, instance:AddWaterTodayTest@566776ad]" name="setEnv" is-config="true" duration-ms="0" started-at="2018-03-19T18:45:52Z" finished-at="2018-03-19T18:45:52Z">
          <reporter-output>
          </reporter-output>
        </test-method> <!-- setEnv -->
        <test-method status="PASS" signature="negativeLoginTest()[pri:1, instance:AddWaterTodayTest@566776ad]" name="negativeLoginTest" duration-ms="10094" started-at="2018-03-19T18:45:52Z" finished-at="2018-03-19T18:46:02Z">
          <reporter-output>
          </reporter-output>
        </test-method> <!-- negativeLoginTest -->
        <test-method status="PASS" signature="positiveLoginTest()[pri:2, instance:AddWaterTodayTest@566776ad]" name="positiveLoginTest" duration-ms="14663" started-at="2018-03-19T18:46:02Z" finished-at="2018-03-19T18:46:17Z">
          <reporter-output>
          </reporter-output>
        </test-method> <!-- positiveLoginTest -->
        <test-method status="PASS" signature="AddWaterTest()[pri:3, instance:AddWaterTodayTest@566776ad]" name="AddWaterTest" duration-ms="13221" started-at="2018-03-19T18:46:17Z" finished-at="2018-03-19T18:46:30Z">
          <reporter-output>
          </reporter-output>
        </test-method> <!-- AddWaterTest -->
        <test-method status="PASS" signature="methodTearDown()[pri:0, instance:AddWaterTodayTest@566776ad]" name="methodTearDown" is-config="true" duration-ms="1771" started-at="2018-03-19T18:46:30Z" finished-at="2018-03-19T18:46:32Z">
          <reporter-output>
          </reporter-output>
        </test-method> <!-- methodTearDown -->
      </class> <!-- AddWaterTodayTest -->
    </test> <!-- AddWaterToday -->
    <test name="BERegisterTest" duration-ms="57796" started-at="2018-03-19T16:46:32Z" finished-at="2018-03-19T16:47:30Z">
      <class name="BERegisterTest">
        <test-method status="PASS" signature="methodSetUp()[pri:0, instance:BERegisterTest@6aaa5eb0]" name="methodSetUp" is-config="true" duration-ms="7556" started-at="2018-03-19T18:46:32Z" finished-at="2018-03-19T18:46:39Z">
          <reporter-output>
          </reporter-output>
        </test-method> <!-- methodSetUp -->
        <test-method status="PASS" signature="setEnv()[pri:0, instance:BERegisterTest@6aaa5eb0]" name="setEnv" is-config="true" duration-ms="1" started-at="2018-03-19T18:46:39Z" finished-at="2018-03-19T18:46:39Z">
          <reporter-output>
          </reporter-output>
        </test-method> <!-- setEnv -->
        <test-method status="PASS" signature="BERegisterTest()[pri:0, instance:BERegisterTest@6aaa5eb0]" name="BERegisterTest" duration-ms="48649" started-at="2018-03-19T18:46:39Z" finished-at="2018-03-19T18:47:28Z">
          <reporter-output>
          </reporter-output>
        </test-method> <!-- BERegisterTest -->
        <test-method status="PASS" signature="methodTearDown()[pri:0, instance:BERegisterTest@6aaa5eb0]" name="methodTearDown" is-config="true" duration-ms="1589" started-at="2018-03-19T18:47:28Z" finished-at="2018-03-19T18:47:30Z">
          <reporter-output>
          </reporter-output>
        </test-method> <!-- methodTearDown -->
      </class> <!-- BERegisterTest -->
    </test> <!-- BERegisterTest -->
    <test name="RegisterTest" duration-ms="73347" started-at="2018-03-19T16:47:30Z" finished-at="2018-03-19T16:48:43Z">
      <class name="RegisterTest">
        <test-method status="PASS" signature="methodSetUp()[pri:0, instance:RegisterTest@3cda1055]" name="methodSetUp" is-config="true" duration-ms="8105" started-at="2018-03-19T18:47:30Z" finished-at="2018-03-19T18:47:38Z">
          <reporter-output>
          </reporter-output>
        </test-method> <!-- methodSetUp -->
        <test-method status="PASS" signature="setEnv()[pri:0, instance:RegisterTest@3cda1055]" name="setEnv" is-config="true" duration-ms="0" started-at="2018-03-19T18:47:38Z" finished-at="2018-03-19T18:47:38Z">
          <reporter-output>
          </reporter-output>
        </test-method> <!-- setEnv -->
        <test-method status="PASS" signature="RegisterTest()[pri:1, instance:RegisterTest@3cda1055]" name="RegisterTest" duration-ms="63476" started-at="2018-03-19T18:47:38Z" finished-at="2018-03-19T18:48:41Z">
          <reporter-output>
          </reporter-output>
        </test-method> <!-- RegisterTest -->
        <test-method status="PASS" signature="methodTearDown()[pri:0, instance:RegisterTest@3cda1055]" name="methodTearDown" is-config="true" duration-ms="1766" started-at="2018-03-19T18:48:41Z" finished-at="2018-03-19T18:48:43Z">
          <reporter-output>
          </reporter-output>
        </test-method> <!-- methodTearDown -->
      </class> <!-- RegisterTest -->
    </test> <!-- RegisterTest -->
    <test name="CreateForumPostTest" duration-ms="130703" started-at="2018-03-19T16:48:43Z" finished-at="2018-03-19T16:50:54Z">
      <class name="CreateForumPostTest">
        <test-method status="PASS" signature="methodSetUp()[pri:0, instance:CreateForumPostTest@2ed94a8b]" name="methodSetUp" is-config="true" duration-ms="7298" started-at="2018-03-19T18:48:43Z" finished-at="2018-03-19T18:48:50Z">
          <reporter-output>
          </reporter-output>
        </test-method> <!-- methodSetUp -->
        <test-method status="PASS" signature="setEnv()[pri:0, instance:CreateForumPostTest@2ed94a8b]" name="setEnv" is-config="true" duration-ms="2" started-at="2018-03-19T18:48:50Z" finished-at="2018-03-19T18:48:50Z">
          <reporter-output>
          </reporter-output>
        </test-method> <!-- setEnv -->
        <test-method status="PASS" signature="RegisterTest()[pri:1, instance:CreateForumPostTest@2ed94a8b]" name="RegisterTest" duration-ms="64100" started-at="2018-03-19T18:48:50Z" finished-at="2018-03-19T18:49:54Z">
          <reporter-output>
          </reporter-output>
        </test-method> <!-- RegisterTest -->
        <test-method status="PASS" signature="CreateForumPost()[pri:3, instance:CreateForumPostTest@2ed94a8b]" name="CreateForumPost" duration-ms="56933" started-at="2018-03-19T18:49:54Z" finished-at="2018-03-19T18:50:51Z">
          <reporter-output>
          </reporter-output>
        </test-method> <!-- CreateForumPost -->
        <test-method status="PASS" signature="methodTearDown()[pri:0, instance:CreateForumPostTest@2ed94a8b]" name="methodTearDown" is-config="true" duration-ms="2370" started-at="2018-03-19T18:50:51Z" finished-at="2018-03-19T18:50:54Z">
          <reporter-output>
          </reporter-output>
        </test-method> <!-- methodTearDown -->
      </class> <!-- CreateForumPostTest -->
    </test> <!-- CreateForumPostTest -->
    <test name="RegisterUsedEmailTest" duration-ms="44349" started-at="2018-03-19T16:50:54Z" finished-at="2018-03-19T16:51:38Z">
      <class name="RegisterUsedEmailTest">
        <test-method status="PASS" signature="methodSetUp()[pri:0, instance:RegisterUsedEmailTest@64616ca2]" name="methodSetUp" is-config="true" duration-ms="7198" started-at="2018-03-19T18:50:54Z" finished-at="2018-03-19T18:51:01Z">
          <reporter-output>
          </reporter-output>
        </test-method> <!-- methodSetUp -->
        <test-method status="PASS" signature="setEnv()[pri:0, instance:RegisterUsedEmailTest@64616ca2]" name="setEnv" is-config="true" duration-ms="0" started-at="2018-03-19T18:51:01Z" finished-at="2018-03-19T18:51:01Z">
          <reporter-output>
          </reporter-output>
        </test-method> <!-- setEnv -->
        <test-method status="SKIP" signature="RegisterUsedEmailTest()[pri:0, instance:RegisterUsedEmailTest@64616ca2]" name="RegisterUsedEmailTest" duration-ms="18893" started-at="2018-03-19T18:51:01Z" finished-at="2018-03-19T18:51:20Z">
          <exception class="java.lang.AssertionError">
            <message>
              <![CDATA[Messages don't match !
Expected: Email address already registered. Please login now or use a different email address.
Actual:  expected [true] but found [false]]]>
            </message>
            <full-stacktrace>
              <![CDATA[java.lang.AssertionError: Messages don't match !
Expected: Email address already registered. Please login now or use a different email address.
Actual:  expected [true] but found [false]
	at org.testng.Assert.fail(Assert.java:93)
	at org.testng.Assert.failNotEquals(Assert.java:512)
	at org.testng.Assert.assertTrue(Assert.java:41)
	at RegisterUsedEmailTest.RegisterUsedEmailTest(RegisterUsedEmailTest.java:35)
	at sun.reflect.NativeMethodAccessorImpl.invoke0(Native Method)
	at sun.reflect.NativeMethodAccessorImpl.invoke(NativeMethodAccessorImpl.java:62)
	at sun.reflect.DelegatingMethodAccessorImpl.invoke(DelegatingMethodAccessorImpl.java:43)
	at java.lang.reflect.Method.invoke(Method.java:498)
	at org.testng.internal.MethodInvocationHelper.invokeMethod(MethodInvocationHelper.java:108)
	at org.testng.internal.Invoker.invokeMethod(Invoker.java:661)
	at org.testng.internal.Invoker.invokeTestMethod(Invoker.java:869)
	at org.testng.internal.Invoker.invokeTestMethods(Invoker.java:1193)
	at org.testng.internal.TestMethodWorker.invokeTestMethods(TestMethodWorker.java:126)
	at org.testng.internal.TestMethodWorker.run(TestMethodWorker.java:109)
	at org.testng.TestRunner.privateRun(TestRunner.java:744)
	at org.testng.TestRunner.run(TestRunner.java:602)
	at org.testng.SuiteRunner.runTest(SuiteRunner.java:380)
	at org.testng.SuiteRunner.runSequentially(SuiteRunner.java:375)
	at org.testng.SuiteRunner.privateRun(SuiteRunner.java:340)
	at org.testng.SuiteRunner.run(SuiteRunner.java:289)
	at org.testng.SuiteRunnerWorker.runSuite(SuiteRunnerWorker.java:52)
	at org.testng.SuiteRunnerWorker.run(SuiteRunnerWorker.java:86)
	at org.testng.TestNG.runSuitesSequentially(TestNG.java:1301)
	at org.testng.TestNG.runSuitesLocally(TestNG.java:1226)
	at org.testng.TestNG.runSuites(TestNG.java:1144)
	at org.testng.TestNG.run(TestNG.java:1115)
	at org.testng.IDEARemoteTestNG.run(IDEARemoteTestNG.java:72)
	at org.testng.RemoteTestNGStarter.main(RemoteTestNGStarter.java:127)
]]>
            </full-stacktrace>
          </exception> <!-- java.lang.AssertionError -->
          <reporter-output>
          </reporter-output>
        </test-method> <!-- RegisterUsedEmailTest -->
        <test-method status="PASS" signature="RegisterUsedEmailTest()[pri:0, instance:RegisterUsedEmailTest@64616ca2]" name="RegisterUsedEmailTest" duration-ms="16652" started-at="2018-03-19T18:51:20Z" finished-at="2018-03-19T18:51:37Z">
          <reporter-output>
          </reporter-output>
        </test-method> <!-- RegisterUsedEmailTest -->
        <test-method status="PASS" signature="methodTearDown()[pri:0, instance:RegisterUsedEmailTest@64616ca2]" name="methodTearDown" is-config="true" duration-ms="1604" started-at="2018-03-19T18:51:37Z" finished-at="2018-03-19T18:51:38Z">
          <reporter-output>
          </reporter-output>
        </test-method> <!-- methodTearDown -->
      </class> <!-- RegisterUsedEmailTest -->
    </test> <!-- RegisterUsedEmailTest -->
    <test name="TermsAndConditionsTest" duration-ms="20579" started-at="2018-03-19T16:51:38Z" finished-at="2018-03-19T16:51:59Z">
      <class name="TermsAndConditionsTest">
        <test-method status="PASS" signature="methodSetUp()[pri:0, instance:TermsAndConditionsTest@1324409e]" name="methodSetUp" is-config="true" duration-ms="7339" started-at="2018-03-19T18:51:38Z" finished-at="2018-03-19T18:51:45Z">
          <reporter-output>
          </reporter-output>
        </test-method> <!-- methodSetUp -->
        <test-method status="PASS" signature="TermsAndConditionsTest()[pri:0, instance:TermsAndConditionsTest@1324409e]" name="TermsAndConditionsTest" duration-ms="10438" started-at="2018-03-19T18:51:45Z" finished-at="2018-03-19T18:51:56Z">
          <reporter-output>
          </reporter-output>
        </test-method> <!-- TermsAndConditionsTest -->
        <test-method status="PASS" signature="setEnv()[pri:0, instance:TermsAndConditionsTest@1324409e]" name="setEnv" is-config="true" duration-ms="0" started-at="2018-03-19T18:51:45Z" finished-at="2018-03-19T18:51:45Z">
          <reporter-output>
          </reporter-output>
        </test-method> <!-- setEnv -->
        <test-method status="PASS" signature="methodTearDown()[pri:0, instance:TermsAndConditionsTest@1324409e]" name="methodTearDown" is-config="true" duration-ms="2802" started-at="2018-03-19T18:51:56Z" finished-at="2018-03-19T18:51:59Z">
          <reporter-output>
          </reporter-output>
        </test-method> <!-- methodTearDown -->
      </class> <!-- TermsAndConditionsTest -->
    </test> <!-- TermsAndConditionsTest -->
    <test name="CreateProgramTest" duration-ms="151236" started-at="2018-03-19T16:51:59Z" finished-at="2018-03-19T16:54:30Z">
      <class name="CreateProgramTest">
        <test-method status="PASS" signature="methodSetUp()[pri:0, instance:CreateProgramTest@67b6d4ae]" name="methodSetUp" is-config="true" duration-ms="11201" started-at="2018-03-19T18:51:59Z" finished-at="2018-03-19T18:52:10Z">
          <reporter-output>
          </reporter-output>
        </test-method> <!-- methodSetUp -->
        <test-method status="PASS" signature="RegisterTest()[pri:1, instance:CreateProgramTest@67b6d4ae]" name="RegisterTest" duration-ms="67771" started-at="2018-03-19T18:52:10Z" finished-at="2018-03-19T18:53:18Z">
          <reporter-output>
          </reporter-output>
        </test-method> <!-- RegisterTest -->
        <test-method status="PASS" signature="setEnv()[pri:0, instance:CreateProgramTest@67b6d4ae]" name="setEnv" is-config="true" duration-ms="0" started-at="2018-03-19T18:52:10Z" finished-at="2018-03-19T18:52:10Z">
          <reporter-output>
          </reporter-output>
        </test-method> <!-- setEnv -->
        <test-method status="PASS" signature="CreateProgramTest()[pri:2, instance:CreateProgramTest@67b6d4ae]" name="CreateProgramTest" duration-ms="70533" started-at="2018-03-19T18:53:18Z" finished-at="2018-03-19T18:54:28Z">
          <reporter-output>
          </reporter-output>
        </test-method> <!-- CreateProgramTest -->
        <test-method status="PASS" signature="methodTearDown()[pri:0, instance:CreateProgramTest@67b6d4ae]" name="methodTearDown" is-config="true" duration-ms="1730" started-at="2018-03-19T18:54:28Z" finished-at="2018-03-19T18:54:30Z">
          <reporter-output>
          </reporter-output>
        </test-method> <!-- methodTearDown -->
      </class> <!-- CreateProgramTest -->
    </test> <!-- CreateProgramTest -->
    <test name="HCPRegister Test" duration-ms="118898" started-at="2018-03-19T16:54:30Z" finished-at="2018-03-19T16:56:29Z">
      <class name="HCPRegisterTest">
        <test-method status="PASS" signature="methodSetUp()[pri:0, instance:HCPRegisterTest@54a097cc]" name="methodSetUp" is-config="true" duration-ms="7076" started-at="2018-03-19T18:54:30Z" finished-at="2018-03-19T18:54:37Z">
          <reporter-output>
          </reporter-output>
        </test-method> <!-- methodSetUp -->
        <test-method status="PASS" signature="setEnv()[pri:0, instance:HCPRegisterTest@54a097cc]" name="setEnv" is-config="true" duration-ms="1" started-at="2018-03-19T18:54:37Z" finished-at="2018-03-19T18:54:37Z">
          <reporter-output>
          </reporter-output>
        </test-method> <!-- setEnv -->
        <test-method status="PASS" signature="HCPRegisterTest()[pri:1, instance:HCPRegisterTest@54a097cc]" name="HCPRegisterTest" duration-ms="109733" started-at="2018-03-19T18:54:37Z" finished-at="2018-03-19T18:56:27Z">
          <reporter-output>
          </reporter-output>
        </test-method> <!-- HCPRegisterTest -->
        <test-method status="PASS" signature="methodTearDown()[pri:0, instance:HCPRegisterTest@54a097cc]" name="methodTearDown" is-config="true" duration-ms="2088" started-at="2018-03-19T18:56:27Z" finished-at="2018-03-19T18:56:29Z">
          <reporter-output>
          </reporter-output>
        </test-method> <!-- methodTearDown -->
      </class> <!-- HCPRegisterTest -->
    </test> <!-- HCPRegister Test -->
  </suite> <!-- Smoke -->
</testng-results>
